2020-06-09 11:15:10,305 WARN  [SoapUI] Missing folder [C:\Users\SamirVashista\Desktop\Project\Samir\ext] for external libraries
2020-06-09 11:15:10,566 INFO  [DefaultSoapUICore] initialized soapui-settings from [C:\Users\SamirVashista\soapui-settings.xml]
2020-06-09 11:15:12,862 INFO  [PluginManager] Adding plugin from [C:\Users\SamirVashista\.soapuios\plugins\ready-mqtt-plugin-dist.jar]
2020-06-09 11:15:12,862 INFO  [PluginManager] Adding plugin from [C:\Users\SamirVashista\.soapuios\plugins\soapui-swagger-plugin-2.2-dist.jar]
2020-06-09 11:15:14,105 ERROR [SoapUI] An error occurred [com.eviware.soapui.plugins.auto.factories.AutoDiscoveryMethodFactory], see error log for details
2020-06-09 11:15:14,107 ERROR [errorlog] java.lang.ClassNotFoundException: com.eviware.soapui.plugins.auto.factories.AutoDiscoveryMethodFactory
java.lang.ClassNotFoundException: com.eviware.soapui.plugins.auto.factories.AutoDiscoveryMethodFactory
	at org.codehaus.plexus.classworlds.strategy.SelfFirstStrategy.loadClass(SelfFirstStrategy.java:50)
	at org.codehaus.plexus.classworlds.realm.ClassRealm.unsynchronizedLoadClass(ClassRealm.java:271)
	at org.codehaus.plexus.classworlds.realm.ClassRealm.loadClass(ClassRealm.java:247)
	at org.codehaus.plexus.classworlds.realm.ClassRealm.loadClass(ClassRealm.java:239)
	at java.lang.Class.forName0(Native Method)
	at java.lang.Class.forName(Class.java:264)
	at com.eviware.soapui.plugins.LoaderBase.loadAutoFactories(LoaderBase.java:113)
	at com.eviware.soapui.plugins.LoaderBase.loadFactories(LoaderBase.java:80)
	at com.eviware.soapui.plugins.PluginLoader.loadPluginFactories(PluginLoader.java:141)
	at com.eviware.soapui.plugins.PluginLoader.loadPlugin(PluginLoader.java:104)
	at com.eviware.soapui.plugins.PluginLoader.loadPlugin(PluginLoader.java:54)
	at com.eviware.soapui.plugins.PluginManager.doInstallPlugin(PluginManager.java:141)
	at com.eviware.soapui.plugins.PluginManager.access$600(PluginManager.java:43)
	at com.eviware.soapui.plugins.PluginManager$LoadPluginsTask.computeSequentially(PluginManager.java:420)
	at com.eviware.soapui.plugins.PluginManager$LoadPluginsTask.compute(PluginManager.java:377)
	at com.eviware.soapui.plugins.PluginManager$LoadPluginsTask.compute(PluginManager.java:382)
	at com.eviware.soapui.plugins.PluginManager$LoadPluginsTask.compute(PluginManager.java:365)
	at java.util.concurrent.RecursiveTask.exec(RecursiveTask.java:94)
	at java.util.concurrent.ForkJoinTask.doExec(ForkJoinTask.java:289)
	at java.util.concurrent.ForkJoinPool$WorkQueue.runTask(ForkJoinPool.java:1056)
	at java.util.concurrent.ForkJoinPool.runWorker(ForkJoinPool.java:1692)
	at java.util.concurrent.ForkJoinWorkerThread.run(ForkJoinWorkerThread.java:157)
2020-06-09 11:15:14,234 ERROR [SoapUI] An error occurred [com.eviware.soapui.plugins.auto.factories.AutoImportMethodFactory], see error log for details
2020-06-09 11:15:14,238 ERROR [errorlog] java.lang.ClassNotFoundException: com.eviware.soapui.plugins.auto.factories.AutoImportMethodFactory
java.lang.ClassNotFoundException: com.eviware.soapui.plugins.auto.factories.AutoImportMethodFactory
	at org.codehaus.plexus.classworlds.strategy.SelfFirstStrategy.loadClass(SelfFirstStrategy.java:50)
	at org.codehaus.plexus.classworlds.realm.ClassRealm.unsynchronizedLoadClass(ClassRealm.java:271)
	at org.codehaus.plexus.classworlds.realm.ClassRealm.loadClass(ClassRealm.java:247)
	at org.codehaus.plexus.classworlds.realm.ClassRealm.loadClass(ClassRealm.java:239)
	at java.lang.Class.forName0(Native Method)
	at java.lang.Class.forName(Class.java:264)
	at com.eviware.soapui.plugins.LoaderBase.loadAutoFactories(LoaderBase.java:113)
	at com.eviware.soapui.plugins.LoaderBase.loadFactories(LoaderBase.java:80)
	at com.eviware.soapui.plugins.PluginLoader.loadPluginFactories(PluginLoader.java:141)
	at com.eviware.soapui.plugins.PluginLoader.loadPlugin(PluginLoader.java:104)
	at com.eviware.soapui.plugins.PluginLoader.loadPlugin(PluginLoader.java:54)
	at com.eviware.soapui.plugins.PluginManager.doInstallPlugin(PluginManager.java:141)
	at com.eviware.soapui.plugins.PluginManager.access$600(PluginManager.java:43)
	at com.eviware.soapui.plugins.PluginManager$LoadPluginsTask.computeSequentially(PluginManager.java:420)
	at com.eviware.soapui.plugins.PluginManager$LoadPluginsTask.compute(PluginManager.java:377)
	at com.eviware.soapui.plugins.PluginManager$LoadPluginsTask.compute(PluginManager.java:382)
	at com.eviware.soapui.plugins.PluginManager$LoadPluginsTask.compute(PluginManager.java:365)
	at java.util.concurrent.RecursiveTask.exec(RecursiveTask.java:94)
	at java.util.concurrent.ForkJoinTask.doExec(ForkJoinTask.java:289)
	at java.util.concurrent.ForkJoinPool$WorkQueue.runTask(ForkJoinPool.java:1056)
	at java.util.concurrent.ForkJoinPool.runWorker(ForkJoinPool.java:1692)
	at java.util.concurrent.ForkJoinWorkerThread.run(ForkJoinWorkerThread.java:157)
2020-06-09 11:15:14,346 INFO  [PluginManager] Adding plugin from [C:\Users\SamirVashista\.soapuios\plugins\ready-uxm-plugin-1.0.1-dist.jar]
2020-06-09 11:15:14,350 ERROR [SoapUI] An error occurred [com.eviware.soapui.plugins.auto.factories.AutoDiscoveryMethodFactory], see error log for details
2020-06-09 11:15:14,354 ERROR [errorlog] java.lang.ClassNotFoundException: com.eviware.soapui.plugins.auto.factories.AutoDiscoveryMethodFactory
java.lang.ClassNotFoundException: com.eviware.soapui.plugins.auto.factories.AutoDiscoveryMethodFactory
	at org.codehaus.plexus.classworlds.strategy.SelfFirstStrategy.loadClass(SelfFirstStrategy.java:50)
	at org.codehaus.plexus.classworlds.realm.ClassRealm.unsynchronizedLoadClass(ClassRealm.java:271)
	at org.codehaus.plexus.classworlds.realm.ClassRealm.loadClass(ClassRealm.java:247)
	at org.codehaus.plexus.classworlds.realm.ClassRealm.loadClass(ClassRealm.java:239)
	at java.lang.Class.forName0(Native Method)
	at java.lang.Class.forName(Class.java:264)
	at com.eviware.soapui.plugins.LoaderBase.loadAutoFactories(LoaderBase.java:113)
	at com.eviware.soapui.plugins.LoaderBase.loadFactories(LoaderBase.java:80)
	at com.eviware.soapui.plugins.PluginLoader.loadPluginFactories(PluginLoader.java:141)
	at com.eviware.soapui.plugins.PluginLoader.loadPlugin(PluginLoader.java:104)
	at com.eviware.soapui.plugins.PluginLoader.loadPlugin(PluginLoader.java:54)
	at com.eviware.soapui.plugins.PluginManager.doInstallPlugin(PluginManager.java:141)
	at com.eviware.soapui.plugins.PluginManager.access$600(PluginManager.java:43)
	at com.eviware.soapui.plugins.PluginManager$LoadPluginsTask.computeSequentially(PluginManager.java:420)
	at com.eviware.soapui.plugins.PluginManager$LoadPluginsTask.compute(PluginManager.java:377)
	at com.eviware.soapui.plugins.PluginManager$LoadPluginsTask.compute(PluginManager.java:365)
	at java.util.concurrent.RecursiveTask.exec(RecursiveTask.java:94)
	at java.util.concurrent.ForkJoinTask.doExec(ForkJoinTask.java:289)
	at java.util.concurrent.ForkJoinPool$WorkQueue.runTask(ForkJoinPool.java:1056)
	at java.util.concurrent.ForkJoinPool.runWorker(ForkJoinPool.java:1692)
	at java.util.concurrent.ForkJoinWorkerThread.run(ForkJoinWorkerThread.java:157)
2020-06-09 11:15:14,447 ERROR [SoapUI] An error occurred [com.eviware.soapui.plugins.auto.factories.AutoImportMethodFactory], see error log for details
2020-06-09 11:15:14,447 ERROR [errorlog] java.lang.ClassNotFoundException: com.eviware.soapui.plugins.auto.factories.AutoImportMethodFactory
java.lang.ClassNotFoundException: com.eviware.soapui.plugins.auto.factories.AutoImportMethodFactory
	at org.codehaus.plexus.classworlds.strategy.SelfFirstStrategy.loadClass(SelfFirstStrategy.java:50)
	at org.codehaus.plexus.classworlds.realm.ClassRealm.unsynchronizedLoadClass(ClassRealm.java:271)
	at org.codehaus.plexus.classworlds.realm.ClassRealm.loadClass(ClassRealm.java:247)
	at org.codehaus.plexus.classworlds.realm.ClassRealm.loadClass(ClassRealm.java:239)
	at java.lang.Class.forName0(Native Method)
	at java.lang.Class.forName(Class.java:264)
	at com.eviware.soapui.plugins.LoaderBase.loadAutoFactories(LoaderBase.java:113)
	at com.eviware.soapui.plugins.LoaderBase.loadFactories(LoaderBase.java:80)
	at com.eviware.soapui.plugins.PluginLoader.loadPluginFactories(PluginLoader.java:141)
	at com.eviware.soapui.plugins.PluginLoader.loadPlugin(PluginLoader.java:104)
	at com.eviware.soapui.plugins.PluginLoader.loadPlugin(PluginLoader.java:54)
	at com.eviware.soapui.plugins.PluginManager.doInstallPlugin(PluginManager.java:141)
	at com.eviware.soapui.plugins.PluginManager.access$600(PluginManager.java:43)
	at com.eviware.soapui.plugins.PluginManager$LoadPluginsTask.computeSequentially(PluginManager.java:420)
	at com.eviware.soapui.plugins.PluginManager$LoadPluginsTask.compute(PluginManager.java:377)
	at com.eviware.soapui.plugins.PluginManager$LoadPluginsTask.compute(PluginManager.java:365)
	at java.util.concurrent.RecursiveTask.exec(RecursiveTask.java:94)
	at java.util.concurrent.ForkJoinTask.doExec(ForkJoinTask.java:289)
	at java.util.concurrent.ForkJoinPool$WorkQueue.runTask(ForkJoinPool.java:1056)
	at java.util.concurrent.ForkJoinPool.runWorker(ForkJoinPool.java:1692)
	at java.util.concurrent.ForkJoinWorkerThread.run(ForkJoinWorkerThread.java:157)
2020-06-09 11:15:14,571 INFO  [PluginManager] Adding plugin from [C:\Users\SamirVashista\.soapuios\plugins\readyapi-postman-1.0.1.jar]
2020-06-09 11:15:15,498 ERROR [SoapUI] An error occurred [com.eviware.soapui.plugins.auto.factories.AutoDiscoveryMethodFactory], see error log for details
2020-06-09 11:15:15,499 ERROR [errorlog] java.lang.ClassNotFoundException: com.eviware.soapui.plugins.auto.factories.AutoDiscoveryMethodFactory
java.lang.ClassNotFoundException: com.eviware.soapui.plugins.auto.factories.AutoDiscoveryMethodFactory
	at org.codehaus.plexus.classworlds.strategy.SelfFirstStrategy.loadClass(SelfFirstStrategy.java:50)
	at org.codehaus.plexus.classworlds.realm.ClassRealm.unsynchronizedLoadClass(ClassRealm.java:271)
	at org.codehaus.plexus.classworlds.realm.ClassRealm.loadClass(ClassRealm.java:247)
	at org.codehaus.plexus.classworlds.realm.ClassRealm.loadClass(ClassRealm.java:239)
	at java.lang.Class.forName0(Native Method)
	at java.lang.Class.forName(Class.java:264)
	at com.eviware.soapui.plugins.LoaderBase.loadAutoFactories(LoaderBase.java:113)
	at com.eviware.soapui.plugins.LoaderBase.loadFactories(LoaderBase.java:80)
	at com.eviware.soapui.plugins.PluginLoader.loadPluginFactories(PluginLoader.java:141)
	at com.eviware.soapui.plugins.PluginLoader.loadPlugin(PluginLoader.java:104)
	at com.eviware.soapui.plugins.PluginLoader.loadPlugin(PluginLoader.java:54)
	at com.eviware.soapui.plugins.PluginManager.doInstallPlugin(PluginManager.java:141)
	at com.eviware.soapui.plugins.PluginManager.access$600(PluginManager.java:43)
	at com.eviware.soapui.plugins.PluginManager$LoadPluginsTask.computeSequentially(PluginManager.java:420)
	at com.eviware.soapui.plugins.PluginManager$LoadPluginsTask.compute(PluginManager.java:377)
	at com.eviware.soapui.plugins.PluginManager$LoadPluginsTask.compute(PluginManager.java:365)
	at java.util.concurrent.RecursiveTask.exec(RecursiveTask.java:94)
	at java.util.concurrent.ForkJoinTask.doExec(ForkJoinTask.java:289)
	at java.util.concurrent.ForkJoinPool$WorkQueue.runTask(ForkJoinPool.java:1056)
	at java.util.concurrent.ForkJoinPool.runWorker(ForkJoinPool.java:1692)
	at java.util.concurrent.ForkJoinWorkerThread.run(ForkJoinWorkerThread.java:157)
2020-06-09 11:15:15,617 ERROR [SoapUI] An error occurred [com.eviware.soapui.plugins.auto.factories.AutoImportMethodFactory], see error log for details
2020-06-09 11:15:15,620 ERROR [errorlog] java.lang.ClassNotFoundException: com.eviware.soapui.plugins.auto.factories.AutoImportMethodFactory
java.lang.ClassNotFoundException: com.eviware.soapui.plugins.auto.factories.AutoImportMethodFactory
	at org.codehaus.plexus.classworlds.strategy.SelfFirstStrategy.loadClass(SelfFirstStrategy.java:50)
	at org.codehaus.plexus.classworlds.realm.ClassRealm.unsynchronizedLoadClass(ClassRealm.java:271)
	at org.codehaus.plexus.classworlds.realm.ClassRealm.loadClass(ClassRealm.java:247)
	at org.codehaus.plexus.classworlds.realm.ClassRealm.loadClass(ClassRealm.java:239)
	at java.lang.Class.forName0(Native Method)
	at java.lang.Class.forName(Class.java:264)
	at com.eviware.soapui.plugins.LoaderBase.loadAutoFactories(LoaderBase.java:113)
	at com.eviware.soapui.plugins.LoaderBase.loadFactories(LoaderBase.java:80)
	at com.eviware.soapui.plugins.PluginLoader.loadPluginFactories(PluginLoader.java:141)
	at com.eviware.soapui.plugins.PluginLoader.loadPlugin(PluginLoader.java:104)
	at com.eviware.soapui.plugins.PluginLoader.loadPlugin(PluginLoader.java:54)
	at com.eviware.soapui.plugins.PluginManager.doInstallPlugin(PluginManager.java:141)
	at com.eviware.soapui.plugins.PluginManager.access$600(PluginManager.java:43)
	at com.eviware.soapui.plugins.PluginManager$LoadPluginsTask.computeSequentially(PluginManager.java:420)
	at com.eviware.soapui.plugins.PluginManager$LoadPluginsTask.compute(PluginManager.java:377)
	at com.eviware.soapui.plugins.PluginManager$LoadPluginsTask.compute(PluginManager.java:365)
	at java.util.concurrent.RecursiveTask.exec(RecursiveTask.java:94)
	at java.util.concurrent.ForkJoinTask.doExec(ForkJoinTask.java:289)
	at java.util.concurrent.ForkJoinPool$WorkQueue.runTask(ForkJoinPool.java:1056)
	at java.util.concurrent.ForkJoinPool.runWorker(ForkJoinPool.java:1692)
	at java.util.concurrent.ForkJoinWorkerThread.run(ForkJoinWorkerThread.java:157)
2020-06-09 11:15:15,638 ERROR [SoapUI] An error occurred [com.eviware.soapui.plugins.auto.factories.AutoDiscoveryMethodFactory], see error log for details
2020-06-09 11:15:15,639 ERROR [errorlog] java.lang.ClassNotFoundException: com.eviware.soapui.plugins.auto.factories.AutoDiscoveryMethodFactory
java.lang.ClassNotFoundException: com.eviware.soapui.plugins.auto.factories.AutoDiscoveryMethodFactory
	at org.codehaus.plexus.classworlds.strategy.SelfFirstStrategy.loadClass(SelfFirstStrategy.java:50)
	at org.codehaus.plexus.classworlds.realm.ClassRealm.unsynchronizedLoadClass(ClassRealm.java:271)
	at org.codehaus.plexus.classworlds.realm.ClassRealm.loadClass(ClassRealm.java:247)
	at org.codehaus.plexus.classworlds.realm.ClassRealm.loadClass(ClassRealm.java:239)
	at java.lang.Class.forName0(Native Method)
	at java.lang.Class.forName(Class.java:264)
	at com.eviware.soapui.plugins.LoaderBase.loadAutoFactories(LoaderBase.java:113)
	at com.eviware.soapui.plugins.LoaderBase.loadFactories(LoaderBase.java:80)
	at com.eviware.soapui.plugins.PluginLoader.loadPluginFactories(PluginLoader.java:141)
	at com.eviware.soapui.plugins.PluginLoader.loadPlugin(PluginLoader.java:104)
	at com.eviware.soapui.plugins.PluginLoader.loadPlugin(PluginLoader.java:54)
	at com.eviware.soapui.plugins.PluginManager.doInstallPlugin(PluginManager.java:141)
	at com.eviware.soapui.plugins.PluginManager.access$600(PluginManager.java:43)
	at com.eviware.soapui.plugins.PluginManager$LoadPluginsTask.computeSequentially(PluginManager.java:420)
	at com.eviware.soapui.plugins.PluginManager$LoadPluginsTask.compute(PluginManager.java:377)
	at com.eviware.soapui.plugins.PluginManager$LoadPluginsTask.compute(PluginManager.java:382)
	at com.eviware.soapui.plugins.PluginManager$LoadPluginsTask.compute(PluginManager.java:365)
	at java.util.concurrent.RecursiveTask.exec(RecursiveTask.java:94)
	at java.util.concurrent.ForkJoinTask.doExec(ForkJoinTask.java:289)
	at java.util.concurrent.ForkJoinPool$WorkQueue.runTask(ForkJoinPool.java:1056)
	at java.util.concurrent.ForkJoinPool.runWorker(ForkJoinPool.java:1692)
	at java.util.concurrent.ForkJoinWorkerThread.run(ForkJoinWorkerThread.java:157)
2020-06-09 11:15:15,796 ERROR [SoapUI] An error occurred [com.eviware.soapui.plugins.auto.factories.AutoImportMethodFactory], see error log for details
2020-06-09 11:15:15,797 ERROR [errorlog] java.lang.ClassNotFoundException: com.eviware.soapui.plugins.auto.factories.AutoImportMethodFactory
java.lang.ClassNotFoundException: com.eviware.soapui.plugins.auto.factories.AutoImportMethodFactory
	at org.codehaus.plexus.classworlds.strategy.SelfFirstStrategy.loadClass(SelfFirstStrategy.java:50)
	at org.codehaus.plexus.classworlds.realm.ClassRealm.unsynchronizedLoadClass(ClassRealm.java:271)
	at org.codehaus.plexus.classworlds.realm.ClassRealm.loadClass(ClassRealm.java:247)
	at org.codehaus.plexus.classworlds.realm.ClassRealm.loadClass(ClassRealm.java:239)
	at java.lang.Class.forName0(Native Method)
	at java.lang.Class.forName(Class.java:264)
	at com.eviware.soapui.plugins.LoaderBase.loadAutoFactories(LoaderBase.java:113)
	at com.eviware.soapui.plugins.LoaderBase.loadFactories(LoaderBase.java:80)
	at com.eviware.soapui.plugins.PluginLoader.loadPluginFactories(PluginLoader.java:141)
	at com.eviware.soapui.plugins.PluginLoader.loadPlugin(PluginLoader.java:104)
	at com.eviware.soapui.plugins.PluginLoader.loadPlugin(PluginLoader.java:54)
	at com.eviware.soapui.plugins.PluginManager.doInstallPlugin(PluginManager.java:141)
	at com.eviware.soapui.plugins.PluginManager.access$600(PluginManager.java:43)
	at com.eviware.soapui.plugins.PluginManager$LoadPluginsTask.computeSequentially(PluginManager.java:420)
	at com.eviware.soapui.plugins.PluginManager$LoadPluginsTask.compute(PluginManager.java:377)
	at com.eviware.soapui.plugins.PluginManager$LoadPluginsTask.compute(PluginManager.java:382)
	at com.eviware.soapui.plugins.PluginManager$LoadPluginsTask.compute(PluginManager.java:365)
	at java.util.concurrent.RecursiveTask.exec(RecursiveTask.java:94)
	at java.util.concurrent.ForkJoinTask.doExec(ForkJoinTask.java:289)
	at java.util.concurrent.ForkJoinPool$WorkQueue.runTask(ForkJoinPool.java:1056)
	at java.util.concurrent.ForkJoinPool.runWorker(ForkJoinPool.java:1692)
	at java.util.concurrent.ForkJoinWorkerThread.run(ForkJoinWorkerThread.java:157)
2020-06-09 11:15:15,882 INFO  [PluginManager] Adding plugin from [C:\Users\SamirVashista\.soapuios\plugins\readyapi-swaggerhub-plugin-1.0.jar]
2020-06-09 11:15:16,513 ERROR [SoapUI] An error occurred [com.eviware.soapui.plugins.auto.factories.AutoDiscoveryMethodFactory], see error log for details
2020-06-09 11:15:16,514 ERROR [errorlog] java.lang.ClassNotFoundException: com.eviware.soapui.plugins.auto.factories.AutoDiscoveryMethodFactory
java.lang.ClassNotFoundException: com.eviware.soapui.plugins.auto.factories.AutoDiscoveryMethodFactory
	at org.codehaus.plexus.classworlds.strategy.SelfFirstStrategy.loadClass(SelfFirstStrategy.java:50)
	at org.codehaus.plexus.classworlds.realm.ClassRealm.unsynchronizedLoadClass(ClassRealm.java:271)
	at org.codehaus.plexus.classworlds.realm.ClassRealm.loadClass(ClassRealm.java:247)
	at org.codehaus.plexus.classworlds.realm.ClassRealm.loadClass(ClassRealm.java:239)
	at java.lang.Class.forName0(Native Method)
	at java.lang.Class.forName(Class.java:264)
	at com.eviware.soapui.plugins.LoaderBase.loadAutoFactories(LoaderBase.java:113)
	at com.eviware.soapui.plugins.LoaderBase.loadFactories(LoaderBase.java:80)
	at com.eviware.soapui.plugins.PluginLoader.loadPluginFactories(PluginLoader.java:141)
	at com.eviware.soapui.plugins.PluginLoader.loadPlugin(PluginLoader.java:104)
	at com.eviware.soapui.plugins.PluginLoader.loadPlugin(PluginLoader.java:54)
	at com.eviware.soapui.plugins.PluginManager.doInstallPlugin(PluginManager.java:141)
	at com.eviware.soapui.plugins.PluginManager.access$600(PluginManager.java:43)
	at com.eviware.soapui.plugins.PluginManager$LoadPluginsTask.computeSequentially(PluginManager.java:420)
	at com.eviware.soapui.plugins.PluginManager$LoadPluginsTask.compute(PluginManager.java:377)
	at com.eviware.soapui.plugins.PluginManager$LoadPluginsTask.compute(PluginManager.java:382)
	at com.eviware.soapui.plugins.PluginManager$LoadPluginsTask.compute(PluginManager.java:365)
	at java.util.concurrent.RecursiveTask.exec(RecursiveTask.java:94)
	at java.util.concurrent.ForkJoinTask.doExec(ForkJoinTask.java:289)
	at java.util.concurrent.ForkJoinPool$WorkQueue.runTask(ForkJoinPool.java:1056)
	at java.util.concurrent.ForkJoinPool.runWorker(ForkJoinPool.java:1692)
	at java.util.concurrent.ForkJoinWorkerThread.run(ForkJoinWorkerThread.java:157)
2020-06-09 11:15:16,603 ERROR [SoapUI] An error occurred [com.eviware.soapui.plugins.auto.factories.AutoImportMethodFactory], see error log for details
2020-06-09 11:15:16,606 ERROR [errorlog] java.lang.ClassNotFoundException: com.eviware.soapui.plugins.auto.factories.AutoImportMethodFactory
java.lang.ClassNotFoundException: com.eviware.soapui.plugins.auto.factories.AutoImportMethodFactory
	at org.codehaus.plexus.classworlds.strategy.SelfFirstStrategy.loadClass(SelfFirstStrategy.java:50)
	at org.codehaus.plexus.classworlds.realm.ClassRealm.unsynchronizedLoadClass(ClassRealm.java:271)
	at org.codehaus.plexus.classworlds.realm.ClassRealm.loadClass(ClassRealm.java:247)
	at org.codehaus.plexus.classworlds.realm.ClassRealm.loadClass(ClassRealm.java:239)
	at java.lang.Class.forName0(Native Method)
	at java.lang.Class.forName(Class.java:264)
	at com.eviware.soapui.plugins.LoaderBase.loadAutoFactories(LoaderBase.java:113)
	at com.eviware.soapui.plugins.LoaderBase.loadFactories(LoaderBase.java:80)
	at com.eviware.soapui.plugins.PluginLoader.loadPluginFactories(PluginLoader.java:141)
	at com.eviware.soapui.plugins.PluginLoader.loadPlugin(PluginLoader.java:104)
	at com.eviware.soapui.plugins.PluginLoader.loadPlugin(PluginLoader.java:54)
	at com.eviware.soapui.plugins.PluginManager.doInstallPlugin(PluginManager.java:141)
	at com.eviware.soapui.plugins.PluginManager.access$600(PluginManager.java:43)
	at com.eviware.soapui.plugins.PluginManager$LoadPluginsTask.computeSequentially(PluginManager.java:420)
	at com.eviware.soapui.plugins.PluginManager$LoadPluginsTask.compute(PluginManager.java:377)
	at com.eviware.soapui.plugins.PluginManager$LoadPluginsTask.compute(PluginManager.java:382)
	at com.eviware.soapui.plugins.PluginManager$LoadPluginsTask.compute(PluginManager.java:365)
	at java.util.concurrent.RecursiveTask.exec(RecursiveTask.java:94)
	at java.util.concurrent.ForkJoinTask.doExec(ForkJoinTask.java:289)
	at java.util.concurrent.ForkJoinPool$WorkQueue.runTask(ForkJoinPool.java:1056)
	at java.util.concurrent.ForkJoinPool.runWorker(ForkJoinPool.java:1692)
	at java.util.concurrent.ForkJoinWorkerThread.run(ForkJoinWorkerThread.java:157)
2020-06-09 11:15:16,692 INFO  [PluginManager] 5 plugins loaded in 3832 ms
2020-06-09 11:15:16,692 INFO  [DefaultSoapUICore] All plugins loaded
2020-06-09 11:15:18,085 INFO  [WsdlProject] Loaded project from [file:/C:/Users/SamirVashista/Desktop/Project/Samir/WSDL-soapui-project.xml]
2020-06-09 11:15:18,092 INFO  [SoapUITestCaseRunner] Running SoapUI tests in project [WSDL]
2020-06-09 11:15:18,093 INFO  [SoapUITestCaseRunner] Running Project [WSDL], runType = SEQUENTIAL
2020-06-09 11:15:18,397 INFO  [log]      !!!!!..........The Project Starts From Here..........!!!!!     
2020-06-09 11:15:18,420 INFO  [SoapUITestCaseRunner] Running SoapUI testcase [TC01]
2020-06-09 11:15:18,426 INFO  [SoapUITestCaseRunner] running step [Properties]
2020-06-09 11:15:18,479 INFO  [SoapUITestCaseRunner] running step [Save Customer By PT]
2020-06-09 11:15:18,768 INFO  [SoapUITestCaseRunner] running step [Save Customer]
2020-06-09 11:15:20,177 INFO  [SoapUITestCaseRunner] Assertion [SOAP Response] has status VALID
2020-06-09 11:15:20,177 INFO  [SoapUITestCaseRunner] running step [Get Customer by List]
2020-06-09 11:15:29,481 INFO  [SoapUITestCaseRunner] Assertion [SOAP Response] has status VALID
2020-06-09 11:15:29,481 INFO  [SoapUITestCaseRunner] running step [Get Customer ID by PT]
2020-06-09 11:15:29,487 INFO  [SoapUITestCaseRunner] running step [Get Customer by ID]
2020-06-09 11:15:30,163 INFO  [SoapUITestCaseRunner] Assertion [SOAP Response] has status VALID
2020-06-09 11:15:30,164 INFO  [SoapUITestCaseRunner] running step [Delete Customer with ID]
2020-06-09 11:15:30,176 INFO  [SoapUITestCaseRunner] running step [Delete Customer]
2020-06-09 11:15:31,232 INFO  [SoapUITestCaseRunner] Assertion [SOAP Response] has status VALID
2020-06-09 11:15:31,492 INFO  [SoapUITestCaseRunner] Finished running SoapUI testcase [TC01], time taken: 12786ms, status: FINISHED
2020-06-09 11:15:31,494 INFO  [SoapUITestCaseRunner] Running SoapUI testcase [TC02]
2020-06-09 11:15:31,494 INFO  [SoapUITestCaseRunner] running step [Properties]
2020-06-09 11:15:31,498 INFO  [SoapUITestCaseRunner] running step [Save Customer By PT]
2020-06-09 11:15:31,501 INFO  [SoapUITestCaseRunner] running step [Save Customer]
2020-06-09 11:15:32,347 INFO  [SoapUITestCaseRunner] Assertion [SOAP Response] has status VALID
2020-06-09 11:15:32,348 INFO  [SoapUITestCaseRunner] running step [CustomerID]
2020-06-09 11:15:32,356 INFO  [SoapUITestCaseRunner] running step [Get Customer by ID]
2020-06-09 11:15:33,029 INFO  [SoapUITestCaseRunner] Assertion [SOAP Response] has status VALID
2020-06-09 11:15:33,029 INFO  [SoapUITestCaseRunner] running step [Get ID]
2020-06-09 11:15:33,036 INFO  [SoapUITestCaseRunner] running step [Get Customer Address]
2020-06-09 11:15:33,666 INFO  [SoapUITestCaseRunner] Assertion [SOAP Response] has status VALID
2020-06-09 11:15:33,667 INFO  [SoapUITestCaseRunner] running step [Get Address ID]
2020-06-09 11:15:33,673 INFO  [SoapUITestCaseRunner] running step [Delete Address]
2020-06-09 11:15:34,454 INFO  [SchemaUtils] Added default schema from file:/C:/Users/SamirVashista/.m2/repository/com/smartbear/soapui/soapui/5.5.0/soapui-5.5.0.jar!/com/eviware/soapui/resources/xsds/xop.xsd with targetNamespace http://www.w3.org/2004/08/xop/include
2020-06-09 11:15:34,469 INFO  [SchemaUtils] Added default schema from file:/C:/Users/SamirVashista/.m2/repository/com/smartbear/soapui/soapui/5.5.0/soapui-5.5.0.jar!/com/eviware/soapui/resources/xsds/XMLSchema.xsd with targetNamespace http://www.w3.org/2001/XMLSchema
2020-06-09 11:15:34,474 INFO  [SchemaUtils] Added default schema from file:/C:/Users/SamirVashista/.m2/repository/com/smartbear/soapui/soapui/5.5.0/soapui-5.5.0.jar!/com/eviware/soapui/resources/xsds/xml.xsd with targetNamespace http://www.w3.org/XML/1998/namespace
2020-06-09 11:15:34,476 INFO  [SchemaUtils] Added default schema from file:/C:/Users/SamirVashista/.m2/repository/com/smartbear/soapui/soapui/5.5.0/soapui-5.5.0.jar!/com/eviware/soapui/resources/xsds/swaref.xsd with targetNamespace http://ws-i.org/profiles/basic/1.1/xsd
2020-06-09 11:15:34,482 INFO  [SchemaUtils] Added default schema from file:/C:/Users/SamirVashista/.m2/repository/com/smartbear/soapui/soapui/5.5.0/soapui-5.5.0.jar!/com/eviware/soapui/resources/xsds/xmime200505.xsd with targetNamespace http://www.w3.org/2005/05/xmlmime
2020-06-09 11:15:34,485 INFO  [SchemaUtils] Added default schema from file:/C:/Users/SamirVashista/.m2/repository/com/smartbear/soapui/soapui/5.5.0/soapui-5.5.0.jar!/com/eviware/soapui/resources/xsds/xmime200411.xsd with targetNamespace http://www.w3.org/2004/11/xmlmime
2020-06-09 11:15:34,490 INFO  [SchemaUtils] Added default schema from file:/C:/Users/SamirVashista/.m2/repository/com/smartbear/soapui/soapui/5.5.0/soapui-5.5.0.jar!/com/eviware/soapui/resources/xsds/soapEnvelope.xsd with targetNamespace http://schemas.xmlsoap.org/soap/envelope/
2020-06-09 11:15:34,495 INFO  [SchemaUtils] Added default schema from file:/C:/Users/SamirVashista/.m2/repository/com/smartbear/soapui/soapui/5.5.0/soapui-5.5.0.jar!/com/eviware/soapui/resources/xsds/soapEncoding.xsd with targetNamespace http://schemas.xmlsoap.org/soap/encoding/
2020-06-09 11:15:34,502 INFO  [SchemaUtils] Added default schema from file:/C:/Users/SamirVashista/.m2/repository/com/smartbear/soapui/soapui/5.5.0/soapui-5.5.0.jar!/com/eviware/soapui/resources/xsds/soapEnvelope12.xsd with targetNamespace http://www.w3.org/2003/05/soap-envelope
2020-06-09 11:15:34,505 INFO  [SchemaUtils] Added default schema from file:/C:/Users/SamirVashista/.m2/repository/com/smartbear/soapui/soapui/5.5.0/soapui-5.5.0.jar!/com/eviware/soapui/resources/xsds/soapEncoding12.xsd with targetNamespace http://www.w3.org/2003/05/soap-encoding
2020-06-09 11:15:34,509 INFO  [SchemaUtils] Loading schema types from [file:/C:/Users/SamirVashista/Downloads/Project/SOAP%20API%20WSDL%20EndPoints/customerAddressRepositoryV1.xml]
2020-06-09 11:15:34,512 INFO  [SchemaUtils] Getting schema file:/C:/Users/SamirVashista/Downloads/Project/SOAP%20API%20WSDL%20EndPoints/customerAddressRepositoryV1.xml
2020-06-09 11:15:34,671 INFO  [SoapUITestCaseRunner] Assertion [SOAP Response] has status VALID
2020-06-09 11:15:34,671 INFO  [SoapUITestCaseRunner] Assertion [Schema Compliance] has status VALID
2020-06-09 11:15:34,672 INFO  [SoapUITestCaseRunner] Assertion [Not SOAP Fault] has status VALID
2020-06-09 11:15:34,779 INFO  [SoapUITestCaseRunner] Finished running SoapUI testcase [TC02], time taken: 3162ms, status: FINISHED
2020-06-09 11:15:34,784 INFO  [SoapUITestCaseRunner] Running SoapUI testcase [TC07]
2020-06-09 11:15:34,784 INFO  [SoapUITestCaseRunner] running step [Product List]
2020-06-09 11:15:35,408 INFO  [SchemaUtils] Loading schema types from [file:/C:/Users/SamirVashista/Downloads/Project/SOAP%20API%20WSDL%20EndPoints/catalogProductTypeListV1.xml]
2020-06-09 11:15:35,410 INFO  [SchemaUtils] Getting schema file:/C:/Users/SamirVashista/Downloads/Project/SOAP%20API%20WSDL%20EndPoints/catalogProductTypeListV1.xml
2020-06-09 11:15:35,510 INFO  [SoapUITestCaseRunner] Assertion [SOAP Response] has status VALID
2020-06-09 11:15:35,510 INFO  [SoapUITestCaseRunner] Assertion [Schema Compliance] has status VALID
2020-06-09 11:15:35,511 INFO  [SoapUITestCaseRunner] Assertion [Not SOAP Fault] has status VALID
2020-06-09 11:15:35,573 INFO  [SoapUITestCaseRunner] Finished running SoapUI testcase [TC07], time taken: 725ms, status: FINISHED
2020-06-09 11:15:35,575 INFO  [SoapUITestCaseRunner] Running SoapUI testcase [TC08]
2020-06-09 11:15:35,575 INFO  [SoapUITestCaseRunner] running step [Script]
2020-06-09 11:15:35,889 INFO  [log] SKU00120
2020-06-09 11:15:35,890 INFO  [log] Bat
2020-06-09 11:15:36,969 INFO  [SchemaUtils] Loading schema types from [file:/C:/Users/SamirVashista/Downloads/Project/SOAP%20API%20WSDL%20EndPoints/catalogProductRepositoryV1.xml]
2020-06-09 11:15:36,971 INFO  [SchemaUtils] Getting schema file:/C:/Users/SamirVashista/Downloads/Project/SOAP%20API%20WSDL%20EndPoints/catalogProductRepositoryV1.xml
2020-06-09 11:15:37,075 WARN  [WsdlValidator] Missing matching Fault in wsdl for bindingOperation [catalogProductRepositoryV1Save]
2020-06-09 11:15:37,077 INFO  [log] SKU00121
2020-06-09 11:15:37,077 INFO  [log] Ball
2020-06-09 11:15:37,998 WARN  [WsdlValidator] Missing matching Fault in wsdl for bindingOperation [catalogProductRepositoryV1Save]
2020-06-09 11:15:38,001 INFO  [log] SKU00123
2020-06-09 11:15:38,003 INFO  [log] IPhone 10
2020-06-09 11:15:38,950 WARN  [WsdlValidator] Missing matching Fault in wsdl for bindingOperation [catalogProductRepositoryV1Save]
2020-06-09 11:15:38,953 INFO  [log] SKU00124
2020-06-09 11:15:38,953 INFO  [log] Galaxy X
2020-06-09 11:15:39,997 INFO  [log] SKU00125
2020-06-09 11:15:39,998 INFO  [log] Galaxy Pro
2020-06-09 11:15:41,020 INFO  [log] SKU00126
2020-06-09 11:15:41,020 INFO  [log] Books
2020-06-09 11:15:42,094 INFO  [SoapUITestCaseRunner] running step [Save Product]
2020-06-09 11:15:43,165 INFO  [SoapUITestCaseRunner] Assertion [SOAP Response] has status VALID
2020-06-09 11:15:43,167 INFO  [SoapUITestCaseRunner] Assertion [Schema Compliance] has status VALID
2020-06-09 11:15:43,168 INFO  [SoapUITestCaseRunner] Assertion [Not SOAP Fault] has status VALID
2020-06-09 11:15:43,231 INFO  [SoapUITestCaseRunner] Finished running SoapUI testcase [TC08], time taken: 7585ms, status: FINISHED
2020-06-09 11:15:43,233 INFO  [SoapUITestCaseRunner] Running SoapUI testcase [TC09]
2020-06-09 11:15:43,233 INFO  [SoapUITestCaseRunner] running step [Get Product]
2020-06-09 11:15:44,182 INFO  [SoapUITestCaseRunner] Assertion [SOAP Response] has status VALID
2020-06-09 11:15:44,183 INFO  [SoapUITestCaseRunner] Assertion [Schema Compliance] has status VALID
2020-06-09 11:15:44,184 INFO  [SoapUITestCaseRunner] Assertion [Not SOAP Fault] has status VALID
2020-06-09 11:15:44,234 INFO  [SoapUITestCaseRunner] Finished running SoapUI testcase [TC09], time taken: 947ms, status: FINISHED
2020-06-09 11:15:44,236 INFO  [SoapUITestCaseRunner] Running SoapUI testcase [TC10]
2020-06-09 11:15:44,238 INFO  [SoapUITestCaseRunner] running step [JDBC Request]
2020-06-09 11:15:44,322 INFO  [log] SKU00120
2020-06-09 11:15:44,323 INFO  [log] Bat
2020-06-09 11:15:44,326 INFO  [log] SKU00121
2020-06-09 11:15:44,326 INFO  [log] Ball
2020-06-09 11:15:44,329 INFO  [log] SKU00123
2020-06-09 11:15:44,330 INFO  [log] IPhone 10
2020-06-09 11:15:44,331 INFO  [log] SKU00124
2020-06-09 11:15:44,331 INFO  [log] Galaxy X
2020-06-09 11:15:44,332 INFO  [log] SKU00125
2020-06-09 11:15:44,332 INFO  [log] Galaxy Pro
2020-06-09 11:15:44,333 INFO  [log] SKU00126
2020-06-09 11:15:44,334 INFO  [log] Books
2020-06-09 11:15:44,338 INFO  [SoapUITestCaseRunner] Assertion [Script Assertion] has status VALID
2020-06-09 11:15:44,338 INFO  [SoapUITestCaseRunner] running step [Save Product]
2020-06-09 11:15:45,440 INFO  [SoapUITestCaseRunner] Assertion [SOAP Response] has status VALID
2020-06-09 11:15:45,441 INFO  [SoapUITestCaseRunner] Assertion [Schema Compliance] has status VALID
2020-06-09 11:15:45,442 INFO  [SoapUITestCaseRunner] Assertion [Not SOAP Fault] has status VALID
2020-06-09 11:15:45,446 INFO  [SoapUITestCaseRunner] running step [SKU Details]
2020-06-09 11:15:45,450 INFO  [SoapUITestCaseRunner] running step [Product By ID]
2020-06-09 11:15:46,271 INFO  [SoapUITestCaseRunner] Assertion [SOAP Response] has status VALID
2020-06-09 11:15:46,271 INFO  [SoapUITestCaseRunner] Assertion [Schema Compliance] has status VALID
2020-06-09 11:15:46,273 INFO  [SoapUITestCaseRunner] Assertion [Not SOAP Fault] has status VALID
2020-06-09 11:15:46,337 INFO  [SoapUITestCaseRunner] Finished running SoapUI testcase [TC10], time taken: 1969ms, status: FINISHED
2020-06-09 11:15:46,339 INFO  [SoapUITestCaseRunner] Running SoapUI testcase [TC11]
2020-06-09 11:15:46,339 INFO  [SoapUITestCaseRunner] running step [Get Product]
2020-06-09 11:15:47,260 INFO  [SoapUITestCaseRunner] Assertion [SOAP Response] has status VALID
2020-06-09 11:15:47,261 INFO  [SoapUITestCaseRunner] Assertion [Schema Compliance] has status VALID
2020-06-09 11:15:47,265 INFO  [SoapUITestCaseRunner] Assertion [Not SOAP Fault] has status VALID
2020-06-09 11:15:47,265 INFO  [SoapUITestCaseRunner] running step [SKU Details]
2020-06-09 11:15:47,271 INFO  [SoapUITestCaseRunner] running step [Delete Product]
2020-06-09 11:15:48,176 INFO  [SoapUITestCaseRunner] Assertion [SOAP Response] has status VALID
2020-06-09 11:15:48,176 INFO  [SoapUITestCaseRunner] Assertion [Schema Compliance] has status VALID
2020-06-09 11:15:48,177 INFO  [SoapUITestCaseRunner] Assertion [Not SOAP Fault] has status VALID
2020-06-09 11:15:48,239 INFO  [SoapUITestCaseRunner] Finished running SoapUI testcase [TC11], time taken: 1826ms, status: FINISHED
2020-06-09 11:15:48,242 INFO  [SoapUITestCaseRunner] Running SoapUI testcase [TC12]
2020-06-09 11:15:48,243 INFO  [SoapUITestCaseRunner] running step [Script]
2020-06-09 11:15:48,578 INFO  [log] Samir${=String.valueOf(Math.random()*1000).substring(0,5)}@gmail.com
2020-06-09 11:15:48,579 INFO  [log] SKU${=String.valueOf(Math.random()*1000).substring(0,5)}
2020-06-09 11:15:49,642 INFO  [log] The totoal number of rows which contains data are 1
2020-06-09 11:15:49,643 INFO  [log] The totoal number of Column which contains data are 3
2020-06-09 11:15:49,647 INFO  [log] Samir${=String.valueOf(Math.random()*1000).substring(0,5)}@gmail.com
2020-06-09 11:15:49,647 INFO  [log] SKU${=String.valueOf(Math.random()*1000).substring(0,5)}
2020-06-09 11:15:49,648 INFO  [SoapUITestCaseRunner] running step [Save Order]
2020-06-09 11:15:50,854 INFO  [log] The totoal number of rows which contains data are 1
2020-06-09 11:15:50,854 INFO  [log] The totoal number of Column which contains data are 3
2020-06-09 11:15:50,855 INFO  [log] Samir${=String.valueOf(Math.random()*1000).substring(0,5)}@gmail.com
2020-06-09 11:15:50,856 INFO  [log] SKU${=String.valueOf(Math.random()*1000).substring(0,5)}
2020-06-09 11:15:50,859 INFO  [SoapUITestCaseRunner] Assertion [SOAP Response] has status VALID
2020-06-09 11:15:50,860 INFO  [SoapUITestCaseRunner] Assertion [Not SOAP Fault] has status VALID
2020-06-09 11:15:50,861 INFO  [SoapUITestCaseRunner] Assertion [Script Assertion] has status VALID
2020-06-09 11:15:50,907 INFO  [SoapUITestCaseRunner] Finished running SoapUI testcase [TC12], time taken: 2615ms, status: FINISHED
2020-06-09 11:15:50,909 INFO  [SoapUITestCaseRunner] Running SoapUI testcase [TC13]
2020-06-09 11:15:50,909 INFO  [SoapUITestCaseRunner] running step [Order List]
2020-06-09 11:16:26,448 INFO  [SoapUITestCaseRunner] Assertion [SOAP Response] has status VALID
2020-06-09 11:16:26,449 INFO  [SoapUITestCaseRunner] Assertion [Not SOAP Fault] has status VALID
2020-06-09 11:16:26,547 INFO  [SoapUITestCaseRunner] Finished running SoapUI testcase [TC13], time taken: 35534ms, status: FINISHED
2020-06-09 11:16:26,549 INFO  [SoapUITestCaseRunner] Running SoapUI testcase [TC14]
2020-06-09 11:16:26,549 INFO  [SoapUITestCaseRunner] running step [Script]
2020-06-09 11:16:26,800 INFO  [log] Samir${=String.valueOf(Math.random()*1000).substring(0,5)}@gmail.com
2020-06-09 11:16:26,801 INFO  [log] SKU${=String.valueOf(Math.random()*1000).substring(0,5)}
2020-06-09 11:16:27,920 INFO  [log] The totoal number of rows which contains data are 1
2020-06-09 11:16:27,920 INFO  [log] The totoal number of Column which contains data are 3
2020-06-09 11:16:27,922 INFO  [log] Samir${=String.valueOf(Math.random()*1000).substring(0,5)}@gmail.com
2020-06-09 11:16:27,926 INFO  [log] SKU${=String.valueOf(Math.random()*1000).substring(0,5)}
2020-06-09 11:16:27,926 INFO  [SoapUITestCaseRunner] running step [Save Order]
2020-06-09 11:16:28,989 INFO  [log] The totoal number of rows which contains data are 1
2020-06-09 11:16:28,990 INFO  [log] The totoal number of Column which contains data are 3
2020-06-09 11:16:28,991 INFO  [log] Samir${=String.valueOf(Math.random()*1000).substring(0,5)}@gmail.com
2020-06-09 11:16:28,994 INFO  [log] SKU${=String.valueOf(Math.random()*1000).substring(0,5)}
2020-06-09 11:16:28,995 INFO  [SoapUITestCaseRunner] Assertion [SOAP Response] has status VALID
2020-06-09 11:16:28,995 INFO  [SoapUITestCaseRunner] Assertion [Not SOAP Fault] has status VALID
2020-06-09 11:16:28,996 INFO  [SoapUITestCaseRunner] Assertion [Script Assertion] has status VALID
2020-06-09 11:16:28,996 INFO  [SoapUITestCaseRunner] running step [Properties]
2020-06-09 11:16:28,997 INFO  [SoapUITestCaseRunner] running step [Property Transfer ID]
2020-06-09 11:16:28,998 INFO  [SoapUITestCaseRunner] running step [Order By ID]
2020-06-09 11:16:29,718 INFO  [SoapUITestCaseRunner] Assertion [SOAP Response] has status VALID
2020-06-09 11:16:29,722 INFO  [SoapUITestCaseRunner] Assertion [Not SOAP Fault] has status VALID
2020-06-09 11:16:29,799 INFO  [SoapUITestCaseRunner] Finished running SoapUI testcase [TC14], time taken: 3162ms, status: FINISHED
2020-06-09 11:16:29,806 INFO  [log]      !!!!!..........The Project Ends Here..........!!!!!     
2020-06-09 11:16:29,807 INFO  [SoapUITestCaseRunner] Project [WSDL] finished with status [FINISHED] in 71709ms
2020-06-09 11:16:33,439 WARN  [Tools] Could not delete temporary directory C:\Users\SAMIRV~1\AppData\Local\Temp\017da5e5-02bf-4fc7-a47a-f45068f811bd
2020-06-09 11:16:33,447 WARN  [Tools] Could not delete temporary directory C:\Users\SAMIRV~1\AppData\Local\Temp\f205966b-b9f0-494c-9449-837097d3afc5
